Using pre-set license
Built from '2020.3/staging' branch; Version is '2020.3.11f1 (99c7afb366b3) revision 10078127'; Using compiler version '192528614'; Build Type 'Release'
OS: 'Windows 10 Pro; OS build 19042.1052; Version 2009; 64bit' Language: 'en' Physical Memory: 8059 MB
BatchMode: 1, IsHumanControllingUs: 0, StartBugReporterOnCrash: 0, Is64bit: 1, IsPro: 0

 COMMAND LINE ARGUMENTS:
C:\Program Files\Unity\Hub\Editor\2020.3.11f1\Editor\Unity.exe
-adb2
-batchMode
-noUpm
-name
AssetImportWorker0
-projectPath
C:/Users/pbriu/Documents/UnityProjects/LobbyNetwork
-logFile
Logs/AssetImportWorker0.log
-srvPort
58727
Successfully changed project path to: C:/Users/pbriu/Documents/UnityProjects/LobbyNetwork
C:/Users/pbriu/Documents/UnityProjects/LobbyNetwork
Using Asset Import Pipeline V2.
Refreshing native plugins compatible for Editor in 23.81 ms, found 2 plugins.
Preloading 0 native plugins for Editor in 0.00 ms.
Initialize engine version: 2020.3.11f1 (99c7afb366b3)
[Subsystems] Discovering subsystems at path C:/Program Files/Unity/Hub/Editor/2020.3.11f1/Editor/Data/Resources/UnitySubsystems
[Subsystems] Discovering subsystems at path C:/Users/pbriu/Documents/UnityProjects/LobbyNetwork/Assets
GfxDevice: creating device client; threaded=0
Direct3D:
    Version:  Direct3D 11.0 [level 11.1]
    Renderer: NVIDIA GeForce RTX 2060 (ID=0x1f15)
    Vendor:   
    VRAM:     5980 MB
    Driver:   27.21.14.5256
Initialize mono
Mono path[0] = 'C:/Program Files/Unity/Hub/Editor/2020.3.11f1/Editor/Data/Managed'
Mono path[1] = 'C:/Program Files/Unity/Hub/Editor/2020.3.11f1/Editor/Data/MonoBleedingEdge/lib/mono/unityjit'
Mono config path = 'C:/Program Files/Unity/Hub/Editor/2020.3.11f1/Editor/Data/MonoBleedingEdge/etc'
Using monoOptions --debugger-agent=transport=dt_socket,embedding=1,server=y,suspend=n,address=127.0.0.1:56952
Begin MonoManager ReloadAssembly
Registering precompiled unity dll's ...
Register platform support module: C:/Program Files/Unity/Hub/Editor/2020.3.11f1/Editor/Data/PlaybackEngines/WebGLSupport/UnityEditor.WebGL.Extensions.dll
Register platform support module: C:/Program Files/Unity/Hub/Editor/2020.3.11f1/Editor/Data/PlaybackEngines/WindowsStandaloneSupport/UnityEditor.WindowsStandalone.Extensions.dll
Registered in 0.001739 seconds.
Native extension for WindowsStandalone target not found
Native extension for WebGL target not found
Refreshing native plugins compatible for Editor in 22.46 ms, found 2 plugins.
Preloading 0 native plugins for Editor in 0.00 ms.
Mono: successfully reloaded assembly
- Completed reload, in  0.927 seconds
Platform modules already initialized, skipping
Registering precompiled user dll's ...
Registered in 0.004170 seconds.
Begin MonoManager ReloadAssembly
Native extension for WindowsStandalone target not found
Native extension for WebGL target not found
Refreshing native plugins compatible for Editor in 0.29 ms, found 2 plugins.
Preloading 0 native plugins for Editor in 0.00 ms.
Mono: successfully reloaded assembly
- Completed reload, in  0.813 seconds
Platform modules already initialized, skipping
========================================================================
Worker process is ready to serve import requests
Launched and connected shader compiler UnityShaderCompiler.exe after 0.03 seconds
Refreshing native plugins compatible for Editor in 0.29 ms, found 2 plugins.
Preloading 0 native plugins for Editor in 0.00 ms.
Unloading 1521 Unused Serialized files (Serialized files now loaded: 0)
System memory in use before: 90.5 MB.
System memory in use after: 90.6 MB.

Unloading 23 unused Assets to reduce memory usage. Loaded Objects now: 1971.
Total: 1.604400 ms (FindLiveObjects: 0.138100 ms CreateObjectMapping: 0.044800 ms MarkObjects: 1.331200 ms  DeleteObjects: 0.089500 ms)

========================================================================
Received Import Request.
  path: Assets/Prefabs/Player.prefab
  artifactKey: Guid(016c5852d859e2a4cb6bfad3affa4c61) Importer(815301076,1909f56bfc062723c751e8b465ee728b)
Start importing Assets/Prefabs/Player.prefab using Guid(016c5852d859e2a4cb6bfad3affa4c61) Importer(815301076,1909f56bfc062723c751e8b465ee728b)  -> (artifact id: 'dcdacf94f14155e213ad2f7fccd42b80') in 0.132498 seconds
  Import took 0.134933 seconds .

========================================================================
Received Prepare
Registering precompiled user dll's ...
Registered in 0.003730 seconds.
Begin MonoManager ReloadAssembly
Native extension for WindowsStandalone target not found
Native extension for WebGL target not found
Refreshing native plugins compatible for Editor in 0.30 ms, found 2 plugins.
Preloading 0 native plugins for Editor in 0.00 ms.
Mono: successfully reloaded assembly
- Completed reload, in  0.763 seconds
Platform modules already initialized, skipping
Refreshing native plugins compatible for Editor in 0.31 ms, found 2 plugins.
Preloading 0 native plugins for Editor in 0.00 ms.
Unloading 1503 Unused Serialized files (Serialized files now loaded: 0)
System memory in use before: 92.4 MB.
System memory in use after: 92.5 MB.

Unloading 19 unused Assets to reduce memory usage. Loaded Objects now: 1984.
Total: 1.664000 ms (FindLiveObjects: 0.144600 ms CreateObjectMapping: 0.047600 ms MarkObjects: 1.413800 ms  DeleteObjects: 0.057200 ms)

========================================================================
Received Prepare
Registering precompiled user dll's ...
Registered in 0.003711 seconds.
Begin MonoManager ReloadAssembly
Native extension for WindowsStandalone target not found
Native extension for WebGL target not found
Refreshing native plugins compatible for Editor in 0.30 ms, found 2 plugins.
Preloading 0 native plugins for Editor in 0.00 ms.
Mono: successfully reloaded assembly
- Completed reload, in  0.789 seconds
Platform modules already initialized, skipping
Refreshing native plugins compatible for Editor in 0.43 ms, found 2 plugins.
Preloading 0 native plugins for Editor in 0.00 ms.
Unloading 1504 Unused Serialized files (Serialized files now loaded: 0)
System memory in use before: 92.5 MB.
System memory in use after: 92.6 MB.

Unloading 18 unused Assets to reduce memory usage. Loaded Objects now: 1988.
Total: 1.583900 ms (FindLiveObjects: 0.135200 ms CreateObjectMapping: 0.042500 ms MarkObjects: 1.328000 ms  DeleteObjects: 0.077400 ms)

========================================================================
Received Import Request.
  Time since last request: 43.140571 seconds.
  path: Assets/Scripts/PlayerOverhead.cs
  artifactKey: Guid(0ad2b5caa04050d43ad38ae5e44cc91a) Importer(815301076,1909f56bfc062723c751e8b465ee728b)
Start importing Assets/Scripts/PlayerOverhead.cs using Guid(0ad2b5caa04050d43ad38ae5e44cc91a) Importer(815301076,1909f56bfc062723c751e8b465ee728b)  -> (artifact id: '61c9c2efb3c090a7f28898534ff75768') in 0.017618 seconds
  Import took 0.019702 seconds .

========================================================================
Received Prepare
Registering precompiled user dll's ...
Registered in 0.005322 seconds.
Begin MonoManager ReloadAssembly
Native extension for WindowsStandalone target not found
Native extension for WebGL target not found
Refreshing native plugins compatible for Editor in 0.30 ms, found 2 plugins.
Preloading 0 native plugins for Editor in 0.00 ms.
Mono: successfully reloaded assembly
- Completed reload, in  0.786 seconds
Platform modules already initialized, skipping
Refreshing native plugins compatible for Editor in 0.30 ms, found 2 plugins.
Preloading 0 native plugins for Editor in 0.00 ms.
Unloading 1503 Unused Serialized files (Serialized files now loaded: 0)
System memory in use before: 92.5 MB.
System memory in use after: 92.6 MB.

Unloading 19 unused Assets to reduce memory usage. Loaded Objects now: 1990.
Total: 1.801800 ms (FindLiveObjects: 0.187200 ms CreateObjectMapping: 0.054100 ms MarkObjects: 1.462900 ms  DeleteObjects: 0.097000 ms)

========================================================================
Received Import Request.
  Time since last request: 27.387957 seconds.
  path: Assets/Scripts/PlayerOverheadDisplay.cs
  artifactKey: Guid(f3c559a87e4d40b4a8b979a04a821149) Importer(815301076,1909f56bfc062723c751e8b465ee728b)
Start importing Assets/Scripts/PlayerOverheadDisplay.cs using Guid(f3c559a87e4d40b4a8b979a04a821149) Importer(815301076,1909f56bfc062723c751e8b465ee728b)  -> (artifact id: '242da39b0d3fd819d65dd662e964d8ee') in 0.010211 seconds
  Import took 0.013298 seconds .

========================================================================
Received Import Request.
  Time since last request: 0.056385 seconds.
  path: Assets/Scripts/PlayerOverheadDisplay.cs
  artifactKey: Guid(f3c559a87e4d40b4a8b979a04a821149) Importer(815301076,1909f56bfc062723c751e8b465ee728b)
Start importing Assets/Scripts/PlayerOverheadDisplay.cs using Guid(f3c559a87e4d40b4a8b979a04a821149) Importer(815301076,1909f56bfc062723c751e8b465ee728b)  -> (artifact id: '242da39b0d3fd819d65dd662e964d8ee') in 0.001970 seconds
  Import took 0.004398 seconds .

========================================================================
Received Prepare
Registering precompiled user dll's ...
Registered in 0.003965 seconds.
Begin MonoManager ReloadAssembly
Native extension for WindowsStandalone target not found
Native extension for WebGL target not found
Refreshing native plugins compatible for Editor in 0.29 ms, found 2 plugins.
Preloading 0 native plugins for Editor in 0.00 ms.
Mono: successfully reloaded assembly
- Completed reload, in  0.894 seconds
Platform modules already initialized, skipping
Refreshing native plugins compatible for Editor in 0.33 ms, found 2 plugins.
Preloading 0 native plugins for Editor in 0.00 ms.
Unloading 1504 Unused Serialized files (Serialized files now loaded: 0)
System memory in use before: 92.5 MB.
System memory in use after: 92.6 MB.

Unloading 18 unused Assets to reduce memory usage. Loaded Objects now: 1994.
Total: 1.734400 ms (FindLiveObjects: 0.145900 ms CreateObjectMapping: 0.045600 ms MarkObjects: 1.482000 ms  DeleteObjects: 0.060200 ms)

========================================================================
Received Prepare
Registering precompiled user dll's ...
Registered in 0.004342 seconds.
Begin MonoManager ReloadAssembly
Native extension for WindowsStandalone target not found
Native extension for WebGL target not found
Refreshing native plugins compatible for Editor in 0.36 ms, found 2 plugins.
Preloading 0 native plugins for Editor in 0.00 ms.
Mono: successfully reloaded assembly
- Completed reload, in  0.817 seconds
Platform modules already initialized, skipping
Refreshing native plugins compatible for Editor in 0.30 ms, found 2 plugins.
Preloading 0 native plugins for Editor in 0.00 ms.
Unloading 1504 Unused Serialized files (Serialized files now loaded: 0)
System memory in use before: 92.5 MB.
System memory in use after: 92.6 MB.

Unloading 18 unused Assets to reduce memory usage. Loaded Objects now: 1997.
Total: 1.891000 ms (FindLiveObjects: 0.139600 ms CreateObjectMapping: 0.044700 ms MarkObjects: 1.647100 ms  DeleteObjects: 0.058900 ms)

========================================================================
Received Import Request.
  Time since last request: 78.869696 seconds.
  path: Assets/Scripts/PlayerOverheadDisplay.cs
  artifactKey: Guid(f3c559a87e4d40b4a8b979a04a821149) Importer(815301076,1909f56bfc062723c751e8b465ee728b)
Start importing Assets/Scripts/PlayerOverheadDisplay.cs using Guid(f3c559a87e4d40b4a8b979a04a821149) Importer(815301076,1909f56bfc062723c751e8b465ee728b)  -> (artifact id: '178a575692a90ac963fdf6831cc57325') in 0.005607 seconds
  Import took 0.018832 seconds .

========================================================================
Received Prepare
Registering precompiled user dll's ...
Registered in 0.004137 seconds.
Begin MonoManager ReloadAssembly
Native extension for WindowsStandalone target not found
Native extension for WebGL target not found
Refreshing native plugins compatible for Editor in 0.30 ms, found 2 plugins.
Preloading 0 native plugins for Editor in 0.00 ms.
Mono: successfully reloaded assembly
- Completed reload, in  0.791 seconds
Platform modules already initialized, skipping
Refreshing native plugins compatible for Editor in 0.31 ms, found 2 plugins.
Preloading 0 native plugins for Editor in 0.00 ms.
Unloading 1504 Unused Serialized files (Serialized files now loaded: 0)
System memory in use before: 92.5 MB.
System memory in use after: 92.6 MB.

Unloading 18 unused Assets to reduce memory usage. Loaded Objects now: 2000.
Total: 1.798600 ms (FindLiveObjects: 0.139500 ms CreateObjectMapping: 0.045300 ms MarkObjects: 1.554500 ms  DeleteObjects: 0.058600 ms)

========================================================================
Received Import Request.
  Time since last request: 20.785872 seconds.
  path: Assets/Scripts/PlayerOverheadDisplay.cs
  artifactKey: Guid(f3c559a87e4d40b4a8b979a04a821149) Importer(815301076,1909f56bfc062723c751e8b465ee728b)
Start importing Assets/Scripts/PlayerOverheadDisplay.cs using Guid(f3c559a87e4d40b4a8b979a04a821149) Importer(815301076,1909f56bfc062723c751e8b465ee728b)  -> (artifact id: 'b34e12517055b23c2761b6dfa0a71adf') in 0.005471 seconds
  Import took 0.018434 seconds .

========================================================================
Received Import Request.
  Time since last request: 5.664116 seconds.
  path: Assets/Scripts/PlayerData.cs
  artifactKey: Guid(4929c72602bde6743b0af9c15ff35f22) Importer(815301076,1909f56bfc062723c751e8b465ee728b)
Start importing Assets/Scripts/PlayerData.cs using Guid(4929c72602bde6743b0af9c15ff35f22) Importer(815301076,1909f56bfc062723c751e8b465ee728b)  -> (artifact id: '72177e11d3baf71edf6063fb2e8ffeb4') in 0.007665 seconds
  Import took 0.011291 seconds .

========================================================================
Received Import Request.
  Time since last request: 0.000895 seconds.
  path: Assets/Scripts/PlayerData.cs
  artifactKey: Guid(4929c72602bde6743b0af9c15ff35f22) Importer(815301076,1909f56bfc062723c751e8b465ee728b)
Start importing Assets/Scripts/PlayerData.cs using Guid(4929c72602bde6743b0af9c15ff35f22) Importer(815301076,1909f56bfc062723c751e8b465ee728b)  -> (artifact id: '72177e11d3baf71edf6063fb2e8ffeb4') in 0.003159 seconds
  Import took 0.005469 seconds .

========================================================================
Received Prepare
Registering precompiled user dll's ...
Registered in 0.005263 seconds.
Begin MonoManager ReloadAssembly
Native extension for WindowsStandalone target not found
Native extension for WebGL target not found
Refreshing native plugins compatible for Editor in 0.31 ms, found 2 plugins.
Preloading 0 native plugins for Editor in 0.00 ms.
Mono: successfully reloaded assembly
- Completed reload, in  0.797 seconds
Platform modules already initialized, skipping
Refreshing native plugins compatible for Editor in 0.31 ms, found 2 plugins.
Preloading 0 native plugins for Editor in 0.00 ms.
Unloading 1505 Unused Serialized files (Serialized files now loaded: 0)
System memory in use before: 92.5 MB.
System memory in use after: 92.6 MB.

Unloading 18 unused Assets to reduce memory usage. Loaded Objects now: 2004.
Total: 1.782500 ms (FindLiveObjects: 0.137900 ms CreateObjectMapping: 0.042700 ms MarkObjects: 1.495900 ms  DeleteObjects: 0.105400 ms)

========================================================================
Received Prepare
Registering precompiled user dll's ...
Registered in 0.004122 seconds.
Begin MonoManager ReloadAssembly
Native extension for WindowsStandalone target not found
Native extension for WebGL target not found
Refreshing native plugins compatible for Editor in 0.29 ms, found 2 plugins.
Preloading 0 native plugins for Editor in 0.00 ms.
Mono: successfully reloaded assembly
- Completed reload, in  0.775 seconds
Platform modules already initialized, skipping
Refreshing native plugins compatible for Editor in 0.30 ms, found 2 plugins.
Preloading 0 native plugins for Editor in 0.00 ms.
Unloading 1505 Unused Serialized files (Serialized files now loaded: 0)
System memory in use before: 92.6 MB.
System memory in use after: 92.6 MB.

Unloading 18 unused Assets to reduce memory usage. Loaded Objects now: 2007.
Total: 1.597000 ms (FindLiveObjects: 0.141000 ms CreateObjectMapping: 0.045400 ms MarkObjects: 1.353200 ms  DeleteObjects: 0.056600 ms)

========================================================================
Received Import Request.
  Time since last request: 195.656538 seconds.
  path: Assets/Scripts/PlayerData.cs
  artifactKey: Guid(4929c72602bde6743b0af9c15ff35f22) Importer(815301076,1909f56bfc062723c751e8b465ee728b)
Start importing Assets/Scripts/PlayerData.cs using Guid(4929c72602bde6743b0af9c15ff35f22) Importer(815301076,1909f56bfc062723c751e8b465ee728b)  -> (artifact id: '1d0d66aa8fbc478223fc61443c951d32') in 0.005780 seconds
  Import took 0.018116 seconds .

========================================================================
Received Import Request.
  Time since last request: 14.317959 seconds.
  path: Assets/Scripts/ConnectionPayload.cs
  artifactKey: Guid(7b0401eec4c0a7c47a2b8a8e6af47949) Importer(815301076,1909f56bfc062723c751e8b465ee728b)
Start importing Assets/Scripts/ConnectionPayload.cs using Guid(7b0401eec4c0a7c47a2b8a8e6af47949) Importer(815301076,1909f56bfc062723c751e8b465ee728b)  -> (artifact id: '73c8a2de5382572eee5a59b13eaa6f83') in 0.007861 seconds
  Import took 0.011236 seconds .

========================================================================
Received Prepare
Registering precompiled user dll's ...
Registered in 0.004060 seconds.
Begin MonoManager ReloadAssembly
Native extension for WindowsStandalone target not found
Native extension for WebGL target not found
Refreshing native plugins compatible for Editor in 0.49 ms, found 2 plugins.
Preloading 0 native plugins for Editor in 0.00 ms.
Mono: successfully reloaded assembly
- Completed reload, in  0.855 seconds
Platform modules already initialized, skipping
Refreshing native plugins compatible for Editor in 0.30 ms, found 2 plugins.
Preloading 0 native plugins for Editor in 0.00 ms.
Unloading 1506 Unused Serialized files (Serialized files now loaded: 0)
System memory in use before: 92.6 MB.
System memory in use after: 92.7 MB.

Unloading 18 unused Assets to reduce memory usage. Loaded Objects now: 2011.
Total: 1.583500 ms (FindLiveObjects: 0.153600 ms CreateObjectMapping: 0.043800 ms MarkObjects: 1.328400 ms  DeleteObjects: 0.057000 ms)

========================================================================
Received Prepare
Registering precompiled user dll's ...
Registered in 0.004700 seconds.
Begin MonoManager ReloadAssembly
Native extension for WindowsStandalone target not found
Native extension for WebGL target not found
Refreshing native plugins compatible for Editor in 0.29 ms, found 2 plugins.
Preloading 0 native plugins for Editor in 0.00 ms.
Mono: successfully reloaded assembly
- Completed reload, in  0.775 seconds
Platform modules already initialized, skipping
Refreshing native plugins compatible for Editor in 0.32 ms, found 2 plugins.
Preloading 0 native plugins for Editor in 0.00 ms.
Unloading 1506 Unused Serialized files (Serialized files now loaded: 0)
System memory in use before: 92.6 MB.
System memory in use after: 92.7 MB.

Unloading 18 unused Assets to reduce memory usage. Loaded Objects now: 2014.
Total: 1.588600 ms (FindLiveObjects: 0.141100 ms CreateObjectMapping: 0.044000 ms MarkObjects: 1.345700 ms  DeleteObjects: 0.057100 ms)

========================================================================
Received Import Request.
  Time since last request: 194.847623 seconds.
  path: Assets/Scripts/ConnectionPayload.cs
  artifactKey: Guid(7b0401eec4c0a7c47a2b8a8e6af47949) Importer(815301076,1909f56bfc062723c751e8b465ee728b)
Start importing Assets/Scripts/ConnectionPayload.cs using Guid(7b0401eec4c0a7c47a2b8a8e6af47949) Importer(815301076,1909f56bfc062723c751e8b465ee728b)  -> (artifact id: '294541242bc7b567517be5b6740a4abe') in 0.005392 seconds
  Import took 0.007946 seconds .

========================================================================
Received Import Request.
  Time since last request: 0.700276 seconds.
  path: Assets/Scripts/PasswordNetworkManager.cs
  artifactKey: Guid(889ec5786484071408564eca395aebba) Importer(815301076,1909f56bfc062723c751e8b465ee728b)
Start importing Assets/Scripts/PasswordNetworkManager.cs using Guid(889ec5786484071408564eca395aebba) Importer(815301076,1909f56bfc062723c751e8b465ee728b)  -> (artifact id: '21713fc7e9452c4f0c4aee45d5e126f9') in 0.016240 seconds
  Import took 0.018989 seconds .

========================================================================
Received Import Request.
  Time since last request: 0.017125 seconds.
  path: Assets/Scripts/PasswordNetworkManager.cs
  artifactKey: Guid(889ec5786484071408564eca395aebba) Importer(815301076,1909f56bfc062723c751e8b465ee728b)
Start importing Assets/Scripts/PasswordNetworkManager.cs using Guid(889ec5786484071408564eca395aebba) Importer(815301076,1909f56bfc062723c751e8b465ee728b)  -> (artifact id: '21713fc7e9452c4f0c4aee45d5e126f9') in 0.002418 seconds
  Import took 0.004574 seconds .

========================================================================
Received Prepare
Registering precompiled user dll's ...
Registered in 0.004837 seconds.
Begin MonoManager ReloadAssembly
Native extension for WindowsStandalone target not found
Native extension for WebGL target not found
Refreshing native plugins compatible for Editor in 0.29 ms, found 2 plugins.
Preloading 0 native plugins for Editor in 0.00 ms.
Mono: successfully reloaded assembly
- Completed reload, in  0.785 seconds
Platform modules already initialized, skipping
Refreshing native plugins compatible for Editor in 0.31 ms, found 2 plugins.
Preloading 0 native plugins for Editor in 0.00 ms.
Unloading 1506 Unused Serialized files (Serialized files now loaded: 0)
System memory in use before: 92.6 MB.
System memory in use after: 92.7 MB.

Unloading 18 unused Assets to reduce memory usage. Loaded Objects now: 2017.
Total: 1.829400 ms (FindLiveObjects: 0.141500 ms CreateObjectMapping: 0.045600 ms MarkObjects: 1.486000 ms  DeleteObjects: 0.155600 ms)

========================================================================
Received Import Request.
  Time since last request: 585.640522 seconds.
  path: Assets/Scripts/PasswordNetworkManager.cs
  artifactKey: Guid(889ec5786484071408564eca395aebba) Importer(815301076,1909f56bfc062723c751e8b465ee728b)
Start importing Assets/Scripts/PasswordNetworkManager.cs using Guid(889ec5786484071408564eca395aebba) Importer(815301076,1909f56bfc062723c751e8b465ee728b)  -> (artifact id: 'e65bb708ec3fb1d2378745e3a4456c67') in 0.005735 seconds
  Import took 0.019568 seconds .

========================================================================
Received Import Request.
  Time since last request: 2112.653000 seconds.
  path: Assets/Scripts/PasswordNetworkManager.cs
  artifactKey: Guid(889ec5786484071408564eca395aebba) Importer(815301076,1909f56bfc062723c751e8b465ee728b)
Start importing Assets/Scripts/PasswordNetworkManager.cs using Guid(889ec5786484071408564eca395aebba) Importer(815301076,1909f56bfc062723c751e8b465ee728b)  -> (artifact id: '27b5b7e5ed5aa55bfd839127618b3047') in 0.002726 seconds
  Import took 0.007470 seconds .

========================================================================
Received Prepare
Registering precompiled user dll's ...
Registered in 0.004831 seconds.
Begin MonoManager ReloadAssembly
Native extension for WindowsStandalone target not found
Native extension for WebGL target not found
Refreshing native plugins compatible for Editor in 0.30 ms, found 2 plugins.
Preloading 0 native plugins for Editor in 0.00 ms.
Mono: successfully reloaded assembly
- Completed reload, in  0.826 seconds
Platform modules already initialized, skipping
Refreshing native plugins compatible for Editor in 0.30 ms, found 2 plugins.
Preloading 0 native plugins for Editor in 0.00 ms.
Unloading 1506 Unused Serialized files (Serialized files now loaded: 0)
System memory in use before: 92.6 MB.
System memory in use after: 92.7 MB.

Unloading 18 unused Assets to reduce memory usage. Loaded Objects now: 2020.
Total: 1.615100 ms (FindLiveObjects: 0.149700 ms CreateObjectMapping: 0.045200 ms MarkObjects: 1.357800 ms  DeleteObjects: 0.061200 ms)

========================================================================
Received Import Request.
  Time since last request: 347.485793 seconds.
  path: Assets/Scripts/PlayerOverheadDisplay.cs
  artifactKey: Guid(f3c559a87e4d40b4a8b979a04a821149) Importer(815301076,1909f56bfc062723c751e8b465ee728b)
Start importing Assets/Scripts/PlayerOverheadDisplay.cs using Guid(f3c559a87e4d40b4a8b979a04a821149) Importer(815301076,1909f56bfc062723c751e8b465ee728b)  -> (artifact id: '21457cbd563b5a089124022bd649390d') in 0.008072 seconds
  Import took 0.011648 seconds .

========================================================================
Received Import Request.
  Time since last request: 0.005062 seconds.
  path: Assets/Scripts/PlayerOverheadDisplay.cs
  artifactKey: Guid(f3c559a87e4d40b4a8b979a04a821149) Importer(815301076,1909f56bfc062723c751e8b465ee728b)
Start importing Assets/Scripts/PlayerOverheadDisplay.cs using Guid(f3c559a87e4d40b4a8b979a04a821149) Importer(815301076,1909f56bfc062723c751e8b465ee728b)  -> (artifact id: '21457cbd563b5a089124022bd649390d') in 0.002443 seconds
  Import took 0.006840 seconds .

========================================================================
Received Prepare
Refreshing native plugins compatible for Editor in 2.95 ms, found 2 plugins.
Preloading 0 native plugins for Editor in 0.00 ms.
Unloading 16 Unused Serialized files (Serialized files now loaded: 0)
System memory in use before: 63.1 MB.
System memory in use after: 63.2 MB.

Unloading 16 unused Assets to reduce memory usage. Loaded Objects now: 2020.
Total: 1.821000 ms (FindLiveObjects: 0.162700 ms CreateObjectMapping: 0.047000 ms MarkObjects: 1.547500 ms  DeleteObjects: 0.062900 ms)

========================================================================
Received Prepare
Registering precompiled user dll's ...
Registered in 0.005763 seconds.
Begin MonoManager ReloadAssembly
Native extension for WindowsStandalone target not found
Native extension for WebGL target not found
Refreshing native plugins compatible for Editor in 0.43 ms, found 2 plugins.
Preloading 0 native plugins for Editor in 0.00 ms.
Mono: successfully reloaded assembly
- Completed reload, in  1.278 seconds
Platform modules already initialized, skipping
Refreshing native plugins compatible for Editor in 0.72 ms, found 2 plugins.
Preloading 0 native plugins for Editor in 0.00 ms.
Unloading 1506 Unused Serialized files (Serialized files now loaded: 0)
System memory in use before: 92.6 MB.
System memory in use after: 92.7 MB.

Unloading 18 unused Assets to reduce memory usage. Loaded Objects now: 2023.
Total: 3.072400 ms (FindLiveObjects: 0.314600 ms CreateObjectMapping: 0.206900 ms MarkObjects: 2.433300 ms  DeleteObjects: 0.114800 ms)

========================================================================
Received Import Request.
  Time since last request: 5137.165806 seconds.
  path: Assets/Prefabs/Player.prefab
  artifactKey: Guid(016c5852d859e2a4cb6bfad3affa4c61) Importer(815301076,1909f56bfc062723c751e8b465ee728b)
Start importing Assets/Prefabs/Player.prefab using Guid(016c5852d859e2a4cb6bfad3affa4c61) Importer(815301076,1909f56bfc062723c751e8b465ee728b)  -> (artifact id: 'd8eb7605ebe87f18253d755cabb17353') in 0.306560 seconds
  Import took 0.311343 seconds .

========================================================================
Received Prepare
Refreshing native plugins compatible for Editor in 5.49 ms, found 2 plugins.
Preloading 0 native plugins for Editor in 0.00 ms.
Unloading 16 Unused Serialized files (Serialized files now loaded: 0)
System memory in use before: 64.0 MB.
System memory in use after: 64.1 MB.

Unloading 17 unused Assets to reduce memory usage. Loaded Objects now: 2024.
Total: 4.305900 ms (FindLiveObjects: 0.391200 ms CreateObjectMapping: 0.176800 ms MarkObjects: 3.619000 ms  DeleteObjects: 0.117800 ms)

========================================================================
Received Prepare
Registering precompiled user dll's ...
Registered in 0.004998 seconds.
Begin MonoManager ReloadAssembly
Native extension for WindowsStandalone target not found
Native extension for WebGL target not found
Refreshing native plugins compatible for Editor in 0.30 ms, found 2 plugins.
Preloading 0 native plugins for Editor in 0.00 ms.
Mono: successfully reloaded assembly
- Completed reload, in  0.796 seconds
Platform modules already initialized, skipping
Refreshing native plugins compatible for Editor in 0.31 ms, found 2 plugins.
Preloading 0 native plugins for Editor in 0.00 ms.
Unloading 1506 Unused Serialized files (Serialized files now loaded: 0)
System memory in use before: 92.6 MB.
System memory in use after: 92.7 MB.

Unloading 18 unused Assets to reduce memory usage. Loaded Objects now: 2027.
Total: 1.602000 ms (FindLiveObjects: 0.137300 ms CreateObjectMapping: 0.043900 ms MarkObjects: 1.364200 ms  DeleteObjects: 0.055800 ms)

========================================================================
Received Prepare
Refreshing native plugins compatible for Editor in 4.11 ms, found 2 plugins.
Preloading 0 native plugins for Editor in 0.00 ms.
Unloading 16 Unused Serialized files (Serialized files now loaded: 0)
System memory in use before: 63.1 MB.
System memory in use after: 63.2 MB.

Unloading 16 unused Assets to reduce memory usage. Loaded Objects now: 2027.
Total: 2.364000 ms (FindLiveObjects: 0.221300 ms CreateObjectMapping: 0.056800 ms MarkObjects: 2.013100 ms  DeleteObjects: 0.071900 ms)

========================================================================
Received Prepare
Registering precompiled user dll's ...
Registered in 0.004055 seconds.
Begin MonoManager ReloadAssembly
Native extension for WindowsStandalone target not found
Native extension for WebGL target not found
Refreshing native plugins compatible for Editor in 0.30 ms, found 2 plugins.
Preloading 0 native plugins for Editor in 0.00 ms.
Mono: successfully reloaded assembly
- Completed reload, in  0.786 seconds
Platform modules already initialized, skipping
Refreshing native plugins compatible for Editor in 0.30 ms, found 2 plugins.
Preloading 0 native plugins for Editor in 0.00 ms.
Unloading 1506 Unused Serialized files (Serialized files now loaded: 0)
System memory in use before: 92.6 MB.
System memory in use after: 92.7 MB.

Unloading 18 unused Assets to reduce memory usage. Loaded Objects now: 2030.
Total: 1.748300 ms (FindLiveObjects: 0.141200 ms CreateObjectMapping: 0.044200 ms MarkObjects: 1.488500 ms  DeleteObjects: 0.073600 ms)

========================================================================
Received Prepare
Registering precompiled user dll's ...
Registered in 0.003695 seconds.
Begin MonoManager ReloadAssembly
Native extension for WindowsStandalone target not found
Native extension for WebGL target not found
Refreshing native plugins compatible for Editor in 0.29 ms, found 2 plugins.
Preloading 0 native plugins for Editor in 0.00 ms.
Mono: successfully reloaded assembly
- Completed reload, in  0.903 seconds
Platform modules already initialized, skipping
Refreshing native plugins compatible for Editor in 0.30 ms, found 2 plugins.
Preloading 0 native plugins for Editor in 0.00 ms.
Unloading 1506 Unused Serialized files (Serialized files now loaded: 0)
System memory in use before: 92.6 MB.
System memory in use after: 92.7 MB.

Unloading 18 unused Assets to reduce memory usage. Loaded Objects now: 2033.
Total: 1.633200 ms (FindLiveObjects: 0.138000 ms CreateObjectMapping: 0.044200 ms MarkObjects: 1.386300 ms  DeleteObjects: 0.064000 ms)

========================================================================
Received Prepare
Refreshing native plugins compatible for Editor in 5.31 ms, found 2 plugins.
Preloading 0 native plugins for Editor in 0.00 ms.
Unloading 16 Unused Serialized files (Serialized files now loaded: 0)
System memory in use before: 63.2 MB.
System memory in use after: 63.2 MB.

Unloading 16 unused Assets to reduce memory usage. Loaded Objects now: 2033.
Total: 3.192400 ms (FindLiveObjects: 0.158600 ms CreateObjectMapping: 0.054700 ms MarkObjects: 2.763600 ms  DeleteObjects: 0.214100 ms)

========================================================================
Received Prepare
Registering precompiled user dll's ...
Registered in 0.005853 seconds.
Begin MonoManager ReloadAssembly
Native extension for WindowsStandalone target not found
Native extension for WebGL target not found
Refreshing native plugins compatible for Editor in 2.84 ms, found 2 plugins.
Preloading 0 native plugins for Editor in 0.00 ms.
Mono: successfully reloaded assembly
- Completed reload, in  1.268 seconds
Platform modules already initialized, skipping
Refreshing native plugins compatible for Editor in 1.00 ms, found 2 plugins.
Preloading 0 native plugins for Editor in 0.00 ms.
Unloading 1506 Unused Serialized files (Serialized files now loaded: 0)
System memory in use before: 92.6 MB.
System memory in use after: 92.7 MB.

Unloading 18 unused Assets to reduce memory usage. Loaded Objects now: 2036.
Total: 3.070200 ms (FindLiveObjects: 0.544800 ms CreateObjectMapping: 0.097200 ms MarkObjects: 2.353400 ms  DeleteObjects: 0.072600 ms)

AssetImportWorkerClient::OnTransportError - code=2 error=End of file
